[debug] [2019-10-11T03:35:59.870Z] ----------------------------------------------------------------------
[debug] [2019-10-11T03:35:59.872Z] Command:       /usr/local/bin/node /usr/local/bin/firebase init
[debug] [2019-10-11T03:35:59.872Z] CLI Version:   7.4.0
[debug] [2019-10-11T03:35:59.872Z] Platform:      darwin
[debug] [2019-10-11T03:35:59.872Z] Node Version:  v10.15.3
[debug] [2019-10-11T03:35:59.873Z] Time:          Thu Oct 10 2019 23:35:59 GMT-0400 (Eastern Daylight Time)
[debug] [2019-10-11T03:35:59.873Z] ----------------------------------------------------------------------
[debug] 
[debug] [2019-10-11T03:35:59.882Z] > command requires scopes: ["email","openid","https://www.googleapis.com/auth/cloudplatformprojects.readonly","https://www.googleapis.com/auth/firebase","https://www.googleapis.com/auth/cloud-platform"]
[debug] [2019-10-11T03:35:59.882Z] > authorizing via signed-in user
[info] 
     ######## #### ########  ######## ########     ###     ######  ########
     ##        ##  ##     ## ##       ##     ##  ##   ##  ##       ##
     ######    ##  ########  ######   ########  #########  ######  ######
     ##        ##  ##    ##  ##       ##     ## ##     ##       ## ##
     ##       #### ##     ## ######## ########  ##     ##  ######  ########

You're about to initialize a Firebase project in this directory:

  /Users/justinkonecny/Documents/Git Workspace/calendays

Before we get started, keep in mind:

  * You are initializing in an existing Firebase project directory

[info] 
=== Project Setup
[info] 
[info] First, let's associate this project directory with a Firebase project.
[info] You can create multiple project aliases by running firebase use --add, 
[info] but for now we'll just set up a default project.
[info] 
[info] i  .firebaserc already has a default project, using calendays-fc9dd.
[debug] [2019-10-11T03:36:02.494Z] >>> HTTP REQUEST GET https://firebase.googleapis.com/v1beta1/projects/calendays-fc9dd  
 
[debug] [2019-10-11T03:36:02.893Z] <<< HTTP RESPONSE 403
[debug] [2019-10-11T03:36:02.894Z] <<< HTTP RESPONSE BODY
[debug] [2019-10-11T03:36:02.896Z] HTTP Error: 403, The caller does not have permission
[debug] [2019-10-11T03:36:03.051Z] FirebaseError: HTTP Error: 403, The caller does not have permission
    at module.exports (/usr/local/lib/node_modules/firebase-tools/lib/responseToError.js:38:12)
    at Request._callback (/usr/local/lib/node_modules/firebase-tools/lib/api.js:39:35)
    at Request.self.callback (/usr/local/lib/node_modules/firebase-tools/node_modules/request/request.js:185:22)
    at Request.emit (events.js:189:13)
    at Request.EventEmitter.emit (domain.js:441:20)
    at Request.<anonymous> (/usr/local/lib/node_modules/firebase-tools/node_modules/request/request.js:1161:10)
    at Request.emit (events.js:189:13)
    at Request.EventEmitter.emit (domain.js:441:20)
    at IncomingMessage.<anonymous> (/usr/local/lib/node_modules/firebase-tools/node_modules/request/request.js:1083:12)
    at Object.onceWrapper (events.js:277:13)
[error] 
[error] Error: Failed to get Firebase project calendays-fc9dd. Please make sure the project exists and your account has permission to access it.
